<?xml version="1.0" encoding="UTF-8"?>
<!-- Generated by org.testng.reporters.JUnitReportReporter -->
<testsuite skipped="0" hostname="suman" name="TestAutomation.SeleniumTest.WebTest" tests="1" failures="0" timestamp="2020-02-19T22:23:47 NPT" time="0.976" errors="0">
  <testcase name="Test1" time="0.976" classname="TestAutomation.SeleniumTest.WebTest"/>
</testsuite> <!-- TestAutomation.SeleniumTest.WebTest -->
